<?xml version="1.0" encoding="UTF-8"?>
<!-- Generated by org.testng.reporters.JUnitReportReporter -->
<testsuite hostname="jagadeeswariperumal" failures="0" tests="1" name="com.test.com.Parameter" time="0.010" errors="0" timestamp="2021-12-22T19:51:29 IST" skipped="0">
  <testcase classname="com.test.com.Parameter" name="empname" time="0.010"/>
  <system-out/>
</testsuite> <!-- com.test.com.Parameter -->
