<?xml version="1.0" encoding="UTF-8"?>
<!-- Generated by org.testng.reporters.JUnitReportReporter -->
<testsuite hostname="jagadeeswariperumal" failures="0" tests="3" name="com.test.com.Annotation" time="0.013" errors="0" timestamp="2021-12-22T19:31:19 IST" skipped="0">
  <testcase classname="com.test.com.Annotation" name="blue" time="0.010"/>
  <system-out/>
  <testcase classname="com.test.com.Annotation" name="green" time="0.002"/>
  <system-out/>
  <testcase classname="com.test.com.Annotation" name="red" time="0.001"/>
  <system-out/>
</testsuite> <!-- com.test.com.Annotation -->
