<?xml version="1.0" encoding="UTF-8"?>
<!-- Generated by org.testng.reporters.JUnitReportReporter -->
<testsuite hostname="jagadeeswariperumal" failures="0" tests="2" name="com.test.com.TestData" time="0.009" errors="0" timestamp="2021-12-21T18:44:52 IST" skipped="0">
  <testcase classname="com.test.com.TestData" name="system" time="0.001"/>
  <system-out/>
  <testcase classname="com.test.com.TestData" name="sysdata" time="0.008"/>
  <system-out/>
</testsuite> <!-- com.test.com.TestData -->
